2015-05-11 17:42:55 [127.0.0.1][-][-][error][yii\web\HttpException:404] exception 'yii\base\InvalidRouteException' with message 'Unable to resolve the request "".' in D:\wamp\www\yii2\vendor\yiisoft\yii2\base\Module.php:461
Stack trace:
#0 D:\wamp\www\yii2\vendor\yiisoft\yii2\web\Application.php(83): yii\base\Module->runAction('', Array)
#1 D:\wamp\www\yii2\vendor\yiisoft\yii2\base\Application.php(375): yii\web\Application->handleRequest(Object(yii\web\Request))
#2 D:\wamp\www\yii2\learn\web\index.php(18): yii\base\Application->run()
#3 {main}

Next exception 'yii\web\NotFoundHttpException' with message 'Page not found.' in D:\wamp\www\yii2\vendor\yiisoft\yii2\web\Application.php:95
Stack trace:
#0 D:\wamp\www\yii2\vendor\yiisoft\yii2\base\Application.php(375): yii\web\Application->handleRequest(Object(yii\web\Request))
#1 D:\wamp\www\yii2\learn\web\index.php(18): yii\base\Application->run()
#2 {main}
2015-05-11 17:42:54 [127.0.0.1][-][-][info][application] $_COOKIE = [
    '_csrf' => '97c6b5262bdaaf529f924ec2a57ab06bedbf6e295ba571610a328c5e2ae22590a:2:{i:0;s:5:\"_csrf\";i:1;s:32:\"HgR0cWWxhw7w75z1qpj4Zpsq0mRF9QbU\";}'
    'PHPSESSID' => 'gq51kd9ffsah9qp9muepd7l3q7'
]

$_SERVER = [
    'HTTP_HOST' => 'localhost'
    'HTTP_CONNECTION' => 'keep-alive'
    'HTTP_ACCEPT' => 'text/html,application/xhtml+xml,application/xml;q=0.9,image/webp,*/*;q=0.8'
    'HTTP_USER_AGENT' => 'Mozilla/5.0 (Windows NT 6.1; WOW64) AppleWebKit/537.36 (KHTML, like Gecko) Chrome/42.0.2311.90 Safari/537.36'
    'HTTP_ACCEPT_ENCODING' => 'gzip, deflate, sdch'
    'HTTP_ACCEPT_LANGUAGE' => 'zh-CN,zh;q=0.8'
    'HTTP_COOKIE' => '_csrf=97c6b5262bdaaf529f924ec2a57ab06bedbf6e295ba571610a328c5e2ae22590a%3A2%3A%7Bi%3A0%3Bs%3A5%3A%22_csrf%22%3Bi%3A1%3Bs%3A32%3A%22HgR0cWWxhw7w75z1qpj4Zpsq0mRF9QbU%22%3B%7D; PHPSESSID=gq51kd9ffsah9qp9muepd7l3q7'
    'PATH' => 'C:\\Program Files (x86)\\Common Files\\NetSarang;C:\\Windows\\system32;C:\\Windows;C:\\Windows\\System32\\Wbem;C:\\Windows\\System32\\WindowsPowerShell\\v1.0\\;D:\\Program Files\\TortoiseSVN\\bin;D:\\wamp\\bin\\php\\php5.5.12;E:\\bin;D:\\Program Files\\nodejs\\;'
    'SystemRoot' => 'C:\\Windows'
    'COMSPEC' => 'C:\\Windows\\system32\\cmd.exe'
    'PATHEXT' => '.COM;.EXE;.BAT;.CMD;.VBS;.VBE;.JS;.JSE;.WSF;.WSH;.MSC'
    'WINDIR' => 'C:\\Windows'
    'SERVER_SIGNATURE' => '<address>Apache/2.4.9 (Win32) PHP/5.5.12 Server at localhost Port 80</address>
'
    'SERVER_SOFTWARE' => 'Apache/2.4.9 (Win32) PHP/5.5.12'
    'SERVER_NAME' => 'localhost'
    'SERVER_ADDR' => '127.0.0.1'
    'SERVER_PORT' => '80'
    'REMOTE_ADDR' => '127.0.0.1'
    'DOCUMENT_ROOT' => 'D:/wamp/www'
    'REQUEST_SCHEME' => 'http'
    'CONTEXT_PREFIX' => ''
    'CONTEXT_DOCUMENT_ROOT' => 'D:/wamp/www'
    'SERVER_ADMIN' => 'admin@example.com'
    'SCRIPT_FILENAME' => 'D:/wamp/www/yii2/learn/web/index.php'
    'REMOTE_PORT' => '65237'
    'GATEWAY_INTERFACE' => 'CGI/1.1'
    'SERVER_PROTOCOL' => 'HTTP/1.1'
    'REQUEST_METHOD' => 'GET'
    'QUERY_STRING' => ''
    'REQUEST_URI' => '/yii2/learn/web/'
    'SCRIPT_NAME' => '/yii2/learn/web/index.php'
    'PHP_SELF' => '/yii2/learn/web/index.php'
    'REQUEST_TIME_FLOAT' => 1431337374.93
    'REQUEST_TIME' => 1431337374
]
2015-05-14 16:31:23 [127.0.0.1][-][-][error][yii\db\Exception] exception 'PDOException' with message 'SQLSTATE[HY000] [1049] Unknown database 'yii2advanced'' in D:\wamp\www\yii2\vendor\yiisoft\yii2\db\Connection.php:579
Stack trace:
#0 D:\wamp\www\yii2\vendor\yiisoft\yii2\db\Connection.php(579): PDO->__construct('mysql:host=loca...', 'root', '', NULL)
#1 D:\wamp\www\yii2\vendor\yiisoft\yii2\db\Connection.php(529): yii\db\Connection->createPdoInstance()
#2 D:\wamp\www\yii2\vendor\yiisoft\yii2\db\Connection.php(836): yii\db\Connection->open()
#3 D:\wamp\www\yii2\vendor\yiisoft\yii2\db\Connection.php(823): yii\db\Connection->getMasterPdo()
#4 D:\wamp\www\yii2\vendor\yiisoft\yii2\db\Command.php(206): yii\db\Connection->getSlavePdo()
#5 D:\wamp\www\yii2\vendor\yiisoft\yii2\db\Command.php(819): yii\db\Command->prepare(true)
#6 D:\wamp\www\yii2\vendor\yiisoft\yii2\db\Command.php(392): yii\db\Command->queryInternal('fetchAll', 7)
#7 D:\wamp\www\yii2\vendor\yiisoft\yii2\db\mysql\Schema.php(308): yii\db\Command->queryColumn()
#8 D:\wamp\www\yii2\vendor\yiisoft\yii2\db\Schema.php(228): yii\db\mysql\Schema->findTableNames('')
#9 D:\wamp\www\yii2\vendor\yiisoft\yii2-gii\generators\model\Generator.php(151): yii\db\Schema->getTableNames()
#10 [internal function]: yii\gii\generators\model\Generator->yii\gii\generators\model\{closure}()
#11 D:\wamp\www\yii2\vendor\yiisoft\yii2-gii\components\ActiveField.php(41): call_user_func(Object(Closure))
#12 D:\wamp\www\yii2\vendor\yiisoft\yii2\base\Object.php(107): yii\gii\components\ActiveField->init()
#13 [internal function]: yii\base\Object->__construct(Array)
#14 D:\wamp\www\yii2\vendor\yiisoft\yii2\di\Container.php(372): ReflectionClass->newInstanceArgs(Array)
#15 D:\wamp\www\yii2\vendor\yiisoft\yii2\di\Container.php(151): yii\di\Container->build('yii\\gii\\compone...', Array, Array)
#16 D:\wamp\www\yii2\vendor\yiisoft\yii2\BaseYii.php(344): yii\di\Container->get('yii\\gii\\compone...', Array, Array)
#17 D:\wamp\www\yii2\vendor\yiisoft\yii2\widgets\ActiveForm.php(281): yii\BaseYii::createObject(Array)
#18 D:\wamp\www\yii2\vendor\yiisoft\yii2-gii\generators\model\form.php(6): yii\widgets\ActiveForm->field(Object(yii\gii\generators\model\Generator), 'tableName')
#19 D:\wamp\www\yii2\vendor\yiisoft\yii2\base\View.php(325): require('D:\\wamp\\www\\yii...')
#20 D:\wamp\www\yii2\vendor\yiisoft\yii2\base\View.php(247): yii\base\View->renderPhpFile('D:\\wamp\\www\\yii...', Array)
#21 D:\wamp\www\yii2\vendor\yiisoft\yii2-gii\views\default\view.php(38): yii\base\View->renderFile('D:\\wamp\\www\\yii...', Array)
#22 D:\wamp\www\yii2\vendor\yiisoft\yii2\base\View.php(325): require('D:\\wamp\\www\\yii...')
#23 D:\wamp\www\yii2\vendor\yiisoft\yii2\base\View.php(247): yii\base\View->renderPhpFile('D:\\wamp\\www\\yii...', Array)
#24 D:\wamp\www\yii2\vendor\yiisoft\yii2\base\View.php(149): yii\base\View->renderFile('D:\\wamp\\www\\yii...', Array, Object(yii\gii\controllers\DefaultController))
#25 D:\wamp\www\yii2\vendor\yiisoft\yii2\base\Controller.php(371): yii\base\View->render('view', Array, Object(yii\gii\controllers\DefaultController))
#26 D:\wamp\www\yii2\vendor\yiisoft\yii2-gii\controllers\DefaultController.php(56): yii\base\Controller->render('view', Array)
#27 [internal function]: yii\gii\controllers\DefaultController->actionView('model')
#28 D:\wamp\www\yii2\vendor\yiisoft\yii2\base\InlineAction.php(55): call_user_func_array(Array, Array)
#29 D:\wamp\www\yii2\vendor\yiisoft\yii2\base\Controller.php(151): yii\base\InlineAction->runWithParams(Array)
#30 D:\wamp\www\yii2\vendor\yiisoft\yii2\base\Module.php(455): yii\base\Controller->runAction('view', Array)
#31 D:\wamp\www\yii2\vendor\yiisoft\yii2\web\Application.php(84): yii\base\Module->runAction('gii/default/vie...', Array)
#32 D:\wamp\www\yii2\vendor\yiisoft\yii2\base\Application.php(375): yii\web\Application->handleRequest(Object(yii\web\Request))
#33 D:\wamp\www\yii2\learn\web\index.php(18): yii\base\Application->run()
#34 {main}

Next exception 'yii\db\Exception' with message 'SQLSTATE[HY000] [1049] Unknown database 'yii2advanced'' in D:\wamp\www\yii2\vendor\yiisoft\yii2\db\Connection.php:534
Stack trace:
#0 D:\wamp\www\yii2\vendor\yiisoft\yii2\db\Connection.php(836): yii\db\Connection->open()
#1 D:\wamp\www\yii2\vendor\yiisoft\yii2\db\Connection.php(823): yii\db\Connection->getMasterPdo()
#2 D:\wamp\www\yii2\vendor\yiisoft\yii2\db\Command.php(206): yii\db\Connection->getSlavePdo()
#3 D:\wamp\www\yii2\vendor\yiisoft\yii2\db\Command.php(819): yii\db\Command->prepare(true)
#4 D:\wamp\www\yii2\vendor\yiisoft\yii2\db\Command.php(392): yii\db\Command->queryInternal('fetchAll', 7)
#5 D:\wamp\www\yii2\vendor\yiisoft\yii2\db\mysql\Schema.php(308): yii\db\Command->queryColumn()
#6 D:\wamp\www\yii2\vendor\yiisoft\yii2\db\Schema.php(228): yii\db\mysql\Schema->findTableNames('')
#7 D:\wamp\www\yii2\vendor\yiisoft\yii2-gii\generators\model\Generator.php(151): yii\db\Schema->getTableNames()
#8 [internal function]: yii\gii\generators\model\Generator->yii\gii\generators\model\{closure}()
#9 D:\wamp\www\yii2\vendor\yiisoft\yii2-gii\components\ActiveField.php(41): call_user_func(Object(Closure))
#10 D:\wamp\www\yii2\vendor\yiisoft\yii2\base\Object.php(107): yii\gii\components\ActiveField->init()
#11 [internal function]: yii\base\Object->__construct(Array)
#12 D:\wamp\www\yii2\vendor\yiisoft\yii2\di\Container.php(372): ReflectionClass->newInstanceArgs(Array)
#13 D:\wamp\www\yii2\vendor\yiisoft\yii2\di\Container.php(151): yii\di\Container->build('yii\\gii\\compone...', Array, Array)
#14 D:\wamp\www\yii2\vendor\yiisoft\yii2\BaseYii.php(344): yii\di\Container->get('yii\\gii\\compone...', Array, Array)
#15 D:\wamp\www\yii2\vendor\yiisoft\yii2\widgets\ActiveForm.php(281): yii\BaseYii::createObject(Array)
#16 D:\wamp\www\yii2\vendor\yiisoft\yii2-gii\generators\model\form.php(6): yii\widgets\ActiveForm->field(Object(yii\gii\generators\model\Generator), 'tableName')
#17 D:\wamp\www\yii2\vendor\yiisoft\yii2\base\View.php(325): require('D:\\wamp\\www\\yii...')
#18 D:\wamp\www\yii2\vendor\yiisoft\yii2\base\View.php(247): yii\base\View->renderPhpFile('D:\\wamp\\www\\yii...', Array)
#19 D:\wamp\www\yii2\vendor\yiisoft\yii2-gii\views\default\view.php(38): yii\base\View->renderFile('D:\\wamp\\www\\yii...', Array)
#20 D:\wamp\www\yii2\vendor\yiisoft\yii2\base\View.php(325): require('D:\\wamp\\www\\yii...')
#21 D:\wamp\www\yii2\vendor\yiisoft\yii2\base\View.php(247): yii\base\View->renderPhpFile('D:\\wamp\\www\\yii...', Array)
#22 D:\wamp\www\yii2\vendor\yiisoft\yii2\base\View.php(149): yii\base\View->renderFile('D:\\wamp\\www\\yii...', Array, Object(yii\gii\controllers\DefaultController))
#23 D:\wamp\www\yii2\vendor\yiisoft\yii2\base\Controller.php(371): yii\base\View->render('view', Array, Object(yii\gii\controllers\DefaultController))
#24 D:\wamp\www\yii2\vendor\yiisoft\yii2-gii\controllers\DefaultController.php(56): yii\base\Controller->render('view', Array)
#25 [internal function]: yii\gii\controllers\DefaultController->actionView('model')
#26 D:\wamp\www\yii2\vendor\yiisoft\yii2\base\InlineAction.php(55): call_user_func_array(Array, Array)
#27 D:\wamp\www\yii2\vendor\yiisoft\yii2\base\Controller.php(151): yii\base\InlineAction->runWithParams(Array)
#28 D:\wamp\www\yii2\vendor\yiisoft\yii2\base\Module.php(455): yii\base\Controller->runAction('view', Array)
#29 D:\wamp\www\yii2\vendor\yiisoft\yii2\web\Application.php(84): yii\base\Module->runAction('gii/default/vie...', Array)
#30 D:\wamp\www\yii2\vendor\yiisoft\yii2\base\Application.php(375): yii\web\Application->handleRequest(Object(yii\web\Request))
#31 D:\wamp\www\yii2\learn\web\index.php(18): yii\base\Application->run()
#32 {main}
Additional Information:

2015-05-14 16:31:23 [127.0.0.1][-][-][info][application] $_GET = [
    'id' => 'model'
]

$_COOKIE = [
    '_csrf' => 'c89584e12354613efb7c2facd63914ee9e34ccb9349cc2be1aa2c2e042ce7fc9a:2:{i:0;s:5:\"_csrf\";i:1;s:32:\"r8rRguIzDkIQc_dHBHc8H7rOKUBIqfVU\";}'
]

$_SERVER = [
    'REDIRECT_STATUS' => '200'
    'HTTP_HOST' => 'localhost'
    'HTTP_CONNECTION' => 'keep-alive'
    'HTTP_ACCEPT' => 'text/html,application/xhtml+xml,application/xml;q=0.9,image/webp,*/*;q=0.8'
    'HTTP_USER_AGENT' => 'Mozilla/5.0 (Windows NT 6.1; WOW64) AppleWebKit/537.36 (KHTML, like Gecko) Chrome/42.0.2311.152 Safari/537.36'
    'HTTP_DNT' => '1'
    'HTTP_REFERER' => 'http://localhost/yii2/learn/web/gii/form'
    'HTTP_ACCEPT_ENCODING' => 'gzip, deflate, sdch'
    'HTTP_ACCEPT_LANGUAGE' => 'zh-CN,zh;q=0.8'
    'HTTP_COOKIE' => '_csrf=c89584e12354613efb7c2facd63914ee9e34ccb9349cc2be1aa2c2e042ce7fc9a%3A2%3A%7Bi%3A0%3Bs%3A5%3A%22_csrf%22%3Bi%3A1%3Bs%3A32%3A%22r8rRguIzDkIQc_dHBHc8H7rOKUBIqfVU%22%3B%7D'
    'PATH' => 'C:\\Program Files (x86)\\Common Files\\NetSarang;C:\\Windows\\system32;C:\\Windows;C:\\Windows\\System32\\Wbem;C:\\Windows\\System32\\WindowsPowerShell\\v1.0\\;D:\\Program Files\\TortoiseSVN\\bin;D:\\wamp\\bin\\php\\php5.5.12;E:\\bin;D:\\Program Files\\nodejs\\;'
    'SystemRoot' => 'C:\\Windows'
    'COMSPEC' => 'C:\\Windows\\system32\\cmd.exe'
    'PATHEXT' => '.COM;.EXE;.BAT;.CMD;.VBS;.VBE;.JS;.JSE;.WSF;.WSH;.MSC'
    'WINDIR' => 'C:\\Windows'
    'SERVER_SIGNATURE' => '<address>Apache/2.4.9 (Win32) PHP/5.5.12 Server at localhost Port 80</address>
'
    'SERVER_SOFTWARE' => 'Apache/2.4.9 (Win32) PHP/5.5.12'
    'SERVER_NAME' => 'localhost'
    'SERVER_ADDR' => '127.0.0.1'
    'SERVER_PORT' => '80'
    'REMOTE_ADDR' => '127.0.0.1'
    'DOCUMENT_ROOT' => 'D:/wamp/www'
    'REQUEST_SCHEME' => 'http'
    'CONTEXT_PREFIX' => ''
    'CONTEXT_DOCUMENT_ROOT' => 'D:/wamp/www'
    'SERVER_ADMIN' => 'admin@example.com'
    'SCRIPT_FILENAME' => 'D:/wamp/www/yii2/learn/web/index.php'
    'REMOTE_PORT' => '58205'
    'REDIRECT_URL' => '/yii2/learn/web/gii/model'
    'GATEWAY_INTERFACE' => 'CGI/1.1'
    'SERVER_PROTOCOL' => 'HTTP/1.1'
    'REQUEST_METHOD' => 'GET'
    'QUERY_STRING' => ''
    'REQUEST_URI' => '/yii2/learn/web/gii/model'
    'SCRIPT_NAME' => '/yii2/learn/web/index.php'
    'PHP_SELF' => '/yii2/learn/web/index.php'
    'REQUEST_TIME_FLOAT' => 1431592283.624
    'REQUEST_TIME' => 1431592283
]
2015-05-14 16:42:18 [127.0.0.1][-][-][error][yii\base\UnknownClassException] exception 'yii\base\UnknownClassException' with message 'Unable to find 'learn\controllers\VoteController' in file: D:\wamp\www\yii2/learn/controllers/VoteController.php. Namespace missing?' in D:\wamp\www\yii2\vendor\yiisoft\yii2\BaseYii.php:291
Stack trace:
#0 [internal function]: yii\BaseYii::autoload('learn\\controlle...')
#1 [internal function]: spl_autoload_call('learn\\controlle...')
#2 D:\wamp\www\yii2\vendor\yiisoft\yii2\base\Module.php(563): class_exists('learn\\controlle...')
#3 D:\wamp\www\yii2\vendor\yiisoft\yii2\base\Module.php(521): yii\base\Module->createControllerByID('vote')
#4 D:\wamp\www\yii2\vendor\yiisoft\yii2\base\Module.php(449): yii\base\Module->createController('vote/index')
#5 D:\wamp\www\yii2\vendor\yiisoft\yii2\web\Application.php(84): yii\base\Module->runAction('vote/index', Array)
#6 D:\wamp\www\yii2\vendor\yiisoft\yii2\base\Application.php(375): yii\web\Application->handleRequest(Object(yii\web\Request))
#7 D:\wamp\www\yii2\learn\web\index.php(18): yii\base\Application->run()
#8 {main}
2015-05-14 16:42:18 [127.0.0.1][-][-][info][application] $_COOKIE = [
    '_csrf' => 'c89584e12354613efb7c2facd63914ee9e34ccb9349cc2be1aa2c2e042ce7fc9a:2:{i:0;s:5:\"_csrf\";i:1;s:32:\"r8rRguIzDkIQc_dHBHc8H7rOKUBIqfVU\";}'
]

$_SERVER = [
    'REDIRECT_STATUS' => '200'
    'HTTP_HOST' => 'localhost'
    'HTTP_CONNECTION' => 'keep-alive'
    'HTTP_ACCEPT' => 'text/html,application/xhtml+xml,application/xml;q=0.9,image/webp,*/*;q=0.8'
    'HTTP_USER_AGENT' => 'Mozilla/5.0 (Windows NT 6.1; WOW64) AppleWebKit/537.36 (KHTML, like Gecko) Chrome/42.0.2311.152 Safari/537.36'
    'HTTP_DNT' => '1'
    'HTTP_ACCEPT_ENCODING' => 'gzip, deflate, sdch'
    'HTTP_ACCEPT_LANGUAGE' => 'zh-CN,zh;q=0.8'
    'HTTP_COOKIE' => '_csrf=c89584e12354613efb7c2facd63914ee9e34ccb9349cc2be1aa2c2e042ce7fc9a%3A2%3A%7Bi%3A0%3Bs%3A5%3A%22_csrf%22%3Bi%3A1%3Bs%3A32%3A%22r8rRguIzDkIQc_dHBHc8H7rOKUBIqfVU%22%3B%7D'
    'PATH' => 'C:\\Program Files (x86)\\Common Files\\NetSarang;C:\\Windows\\system32;C:\\Windows;C:\\Windows\\System32\\Wbem;C:\\Windows\\System32\\WindowsPowerShell\\v1.0\\;D:\\Program Files\\TortoiseSVN\\bin;D:\\wamp\\bin\\php\\php5.5.12;E:\\bin;D:\\Program Files\\nodejs\\;'
    'SystemRoot' => 'C:\\Windows'
    'COMSPEC' => 'C:\\Windows\\system32\\cmd.exe'
    'PATHEXT' => '.COM;.EXE;.BAT;.CMD;.VBS;.VBE;.JS;.JSE;.WSF;.WSH;.MSC'
    'WINDIR' => 'C:\\Windows'
    'SERVER_SIGNATURE' => '<address>Apache/2.4.9 (Win32) PHP/5.5.12 Server at localhost Port 80</address>
'
    'SERVER_SOFTWARE' => 'Apache/2.4.9 (Win32) PHP/5.5.12'
    'SERVER_NAME' => 'localhost'
    'SERVER_ADDR' => '127.0.0.1'
    'SERVER_PORT' => '80'
    'REMOTE_ADDR' => '127.0.0.1'
    'DOCUMENT_ROOT' => 'D:/wamp/www'
    'REQUEST_SCHEME' => 'http'
    'CONTEXT_PREFIX' => ''
    'CONTEXT_DOCUMENT_ROOT' => 'D:/wamp/www'
    'SERVER_ADMIN' => 'admin@example.com'
    'SCRIPT_FILENAME' => 'D:/wamp/www/yii2/learn/web/index.php'
    'REMOTE_PORT' => '59275'
    'REDIRECT_URL' => '/yii2/learn/web/vote/index'
    'GATEWAY_INTERFACE' => 'CGI/1.1'
    'SERVER_PROTOCOL' => 'HTTP/1.1'
    'REQUEST_METHOD' => 'GET'
    'QUERY_STRING' => ''
    'REQUEST_URI' => '/yii2/learn/web/vote/index'
    'SCRIPT_NAME' => '/yii2/learn/web/index.php'
    'PHP_SELF' => '/yii2/learn/web/index.php'
    'REQUEST_TIME_FLOAT' => 1431592938.206
    'REQUEST_TIME' => 1431592938
]
2015-05-14 17:30:35 [127.0.0.1][-][-][error][yii\base\ErrorException:8] exception 'yii\base\ErrorException' with message 'Undefined variable: time' in D:\wamp\www\yii2\learn\models\Vote.php:72
Stack trace:
#0 D:\wamp\www\yii2\vendor\yiisoft\yii2\db\ActiveRecord.php(531): yii\db\BaseActiveRecord->updateInternal()
#1 D:\wamp\www\yii2\vendor\yiisoft\yii2\db\BaseActiveRecord.php(591): yii\db\ActiveRecord->update()
#2 D:\wamp\www\yii2\learn\controllers\VoteController.php(84): yii\db\BaseActiveRecord->save()
#3 D:\wamp\www\yii2\vendor\yiisoft\yii2\base\InlineAction.php(55): learn\controllers\VoteController->actionUpdate()
#4 D:\wamp\www\yii2\vendor\yiisoft\yii2\base\InlineAction.php(55): ::call_user_func_array:{D:\wamp\www\yii2\vendor\yiisoft\yii2\base\InlineAction.php:55}()
#5 D:\wamp\www\yii2\vendor\yiisoft\yii2\base\Controller.php(151): yii\base\InlineAction->runWithParams()
#6 D:\wamp\www\yii2\vendor\yiisoft\yii2\base\Module.php(455): yii\base\Controller->runAction()
#7 D:\wamp\www\yii2\vendor\yiisoft\yii2\web\Application.php(84): yii\base\Module->runAction()
#8 D:\wamp\www\yii2\vendor\yiisoft\yii2\base\Application.php(375): yii\web\Application->handleRequest()
#9 D:\wamp\www\yii2\learn\web\index.php(18): yii\base\Application->run()
#10 {main}
2015-05-14 17:30:35 [127.0.0.1][-][-][info][application] $_GET = [
    'id' => '1'
]

$_POST = [
    '_csrf' => 'OWdBSFRyTVpLXzMaMwcEIH0MCBk3LSkSey8icBxFPxVyMgMBJRQbDw=='
    'Vote' => [
        'url' => 'http://www.baidu.com'
        'type' => '1'
        'params' => 'u=1&b=2'
        'fake_ip' => '0'
        'total_votes' => '1'
    ]
]

$_COOKIE = [
    '_csrf' => 'c89584e12354613efb7c2facd63914ee9e34ccb9349cc2be1aa2c2e042ce7fc9a:2:{i:0;s:5:\"_csrf\";i:1;s:32:\"r8rRguIzDkIQc_dHBHc8H7rOKUBIqfVU\";}'
]

$_SERVER = [
    'REDIRECT_STATUS' => '200'
    'HTTP_HOST' => 'localhost'
    'HTTP_CONNECTION' => 'keep-alive'
    'CONTENT_LENGTH' => '234'
    'HTTP_CACHE_CONTROL' => 'max-age=0'
    'HTTP_ACCEPT' => 'text/html,application/xhtml+xml,application/xml;q=0.9,image/webp,*/*;q=0.8'
    'HTTP_ORIGIN' => 'http://localhost'
    'HTTP_USER_AGENT' => 'Mozilla/5.0 (Windows NT 6.1; WOW64) AppleWebKit/537.36 (KHTML, like Gecko) Chrome/42.0.2311.152 Safari/537.36'
    'CONTENT_TYPE' => 'application/x-www-form-urlencoded'
    'HTTP_DNT' => '1'
    'HTTP_REFERER' => 'http://localhost/yii2/learn/web/vote/update/1'
    'HTTP_ACCEPT_ENCODING' => 'gzip, deflate'
    'HTTP_ACCEPT_LANGUAGE' => 'zh-CN,zh;q=0.8'
    'HTTP_COOKIE' => '_csrf=c89584e12354613efb7c2facd63914ee9e34ccb9349cc2be1aa2c2e042ce7fc9a%3A2%3A%7Bi%3A0%3Bs%3A5%3A%22_csrf%22%3Bi%3A1%3Bs%3A32%3A%22r8rRguIzDkIQc_dHBHc8H7rOKUBIqfVU%22%3B%7D'
    'PATH' => 'C:\\Program Files (x86)\\Common Files\\NetSarang;C:\\Windows\\system32;C:\\Windows;C:\\Windows\\System32\\Wbem;C:\\Windows\\System32\\WindowsPowerShell\\v1.0\\;D:\\Program Files\\TortoiseSVN\\bin;D:\\wamp\\bin\\php\\php5.5.12;E:\\bin;D:\\Program Files\\nodejs\\;'
    'SystemRoot' => 'C:\\Windows'
    'COMSPEC' => 'C:\\Windows\\system32\\cmd.exe'
    'PATHEXT' => '.COM;.EXE;.BAT;.CMD;.VBS;.VBE;.JS;.JSE;.WSF;.WSH;.MSC'
    'WINDIR' => 'C:\\Windows'
    'SERVER_SIGNATURE' => '<address>Apache/2.4.9 (Win32) PHP/5.5.12 Server at localhost Port 80</address>
'
    'SERVER_SOFTWARE' => 'Apache/2.4.9 (Win32) PHP/5.5.12'
    'SERVER_NAME' => 'localhost'
    'SERVER_ADDR' => '127.0.0.1'
    'SERVER_PORT' => '80'
    'REMOTE_ADDR' => '127.0.0.1'
    'DOCUMENT_ROOT' => 'D:/wamp/www'
    'REQUEST_SCHEME' => 'http'
    'CONTEXT_PREFIX' => ''
    'CONTEXT_DOCUMENT_ROOT' => 'D:/wamp/www'
    'SERVER_ADMIN' => 'admin@example.com'
    'SCRIPT_FILENAME' => 'D:/wamp/www/yii2/learn/web/index.php'
    'REMOTE_PORT' => '63758'
    'REDIRECT_URL' => '/yii2/learn/web/vote/update/1'
    'GATEWAY_INTERFACE' => 'CGI/1.1'
    'SERVER_PROTOCOL' => 'HTTP/1.1'
    'REQUEST_METHOD' => 'POST'
    'QUERY_STRING' => ''
    'REQUEST_URI' => '/yii2/learn/web/vote/update/1'
    'SCRIPT_NAME' => '/yii2/learn/web/index.php'
    'PHP_SELF' => '/yii2/learn/web/index.php'
    'REQUEST_TIME_FLOAT' => 1431595835.551
    'REQUEST_TIME' => 1431595835
]
2015-05-14 17:39:20 [127.0.0.1][-][-][error][ReflectionException] exception 'ReflectionException' with message 'Class range does not exist' in D:\wamp\www\yii2\vendor\yiisoft\yii2\di\Container.php:415
Stack trace:
#0 D:\wamp\www\yii2\vendor\yiisoft\yii2\di\Container.php(415): ReflectionClass->__construct('range')
#1 D:\wamp\www\yii2\vendor\yiisoft\yii2\di\Container.php(358): yii\di\Container->getDependencies('range')
#2 D:\wamp\www\yii2\vendor\yiisoft\yii2\di\Container.php(151): yii\di\Container->build('range', Array, Array)
#3 D:\wamp\www\yii2\vendor\yiisoft\yii2\BaseYii.php(344): yii\di\Container->get('range', Array, Array)
#4 D:\wamp\www\yii2\vendor\yiisoft\yii2\validators\Validator.php(206): yii\BaseYii::createObject(Array)
#5 D:\wamp\www\yii2\vendor\yiisoft\yii2\base\Model.php(440): yii\validators\Validator::createValidator('range', Object(learn\models\Vote), Array, Array)
#6 D:\wamp\www\yii2\vendor\yiisoft\yii2\base\Model.php(404): yii\base\Model->createValidators()
#7 D:\wamp\www\yii2\vendor\yiisoft\yii2\base\Model.php(419): yii\base\Model->getValidators()
#8 D:\wamp\www\yii2\vendor\yiisoft\yii2\helpers\BaseHtml.php(1217): yii\base\Model->getActiveValidators('url')
#9 D:\wamp\www\yii2\vendor\yiisoft\yii2\widgets\ActiveField.php(358): yii\helpers\BaseHtml::activeTextInput(Object(learn\models\Vote), 'url', Array)
#10 D:\wamp\www\yii2\learn\views\vote\_form.php(15): yii\widgets\ActiveField->textInput(Array)
#11 D:\wamp\www\yii2\vendor\yiisoft\yii2\base\View.php(325): require('D:\\wamp\\www\\yii...')
#12 D:\wamp\www\yii2\vendor\yiisoft\yii2\base\View.php(247): yii\base\View->renderPhpFile('D:\\wamp\\www\\yii...', Array)
#13 D:\wamp\www\yii2\vendor\yiisoft\yii2\base\View.php(149): yii\base\View->renderFile('D:\\wamp\\www\\yii...', Array, NULL)
#14 D:\wamp\www\yii2\learn\views\vote\update.php(19): yii\base\View->render('_form', Array)
#15 D:\wamp\www\yii2\vendor\yiisoft\yii2\base\View.php(325): require('D:\\wamp\\www\\yii...')
#16 D:\wamp\www\yii2\vendor\yiisoft\yii2\base\View.php(247): yii\base\View->renderPhpFile('D:\\wamp\\www\\yii...', Array)
#17 D:\wamp\www\yii2\vendor\yiisoft\yii2\base\View.php(149): yii\base\View->renderFile('D:\\wamp\\www\\yii...', Array, Object(learn\controllers\VoteController))
#18 D:\wamp\www\yii2\vendor\yiisoft\yii2\base\Controller.php(371): yii\base\View->render('update', Array, Object(learn\controllers\VoteController))
#19 D:\wamp\www\yii2\learn\controllers\VoteController.php(89): yii\base\Controller->render('update', Array)
#20 [internal function]: learn\controllers\VoteController->actionUpdate('1')
#21 D:\wamp\www\yii2\vendor\yiisoft\yii2\base\InlineAction.php(55): call_user_func_array(Array, Array)
#22 D:\wamp\www\yii2\vendor\yiisoft\yii2\base\Controller.php(151): yii\base\InlineAction->runWithParams(Array)
#23 D:\wamp\www\yii2\vendor\yiisoft\yii2\base\Module.php(455): yii\base\Controller->runAction('update', Array)
#24 D:\wamp\www\yii2\vendor\yiisoft\yii2\web\Application.php(84): yii\base\Module->runAction('vote/update', Array)
#25 D:\wamp\www\yii2\vendor\yiisoft\yii2\base\Application.php(375): yii\web\Application->handleRequest(Object(yii\web\Request))
#26 D:\wamp\www\yii2\learn\web\index.php(18): yii\base\Application->run()
#27 {main}
2015-05-14 17:39:20 [127.0.0.1][-][-][info][application] $_GET = [
    'id' => '1'
]

$_COOKIE = [
    '_csrf' => 'c89584e12354613efb7c2facd63914ee9e34ccb9349cc2be1aa2c2e042ce7fc9a:2:{i:0;s:5:\"_csrf\";i:1;s:32:\"r8rRguIzDkIQc_dHBHc8H7rOKUBIqfVU\";}'
]

$_SERVER = [
    'REDIRECT_STATUS' => '200'
    'HTTP_HOST' => 'localhost'
    'HTTP_CONNECTION' => 'keep-alive'
    'HTTP_ACCEPT' => 'text/html,application/xhtml+xml,application/xml;q=0.9,image/webp,*/*;q=0.8'
    'HTTP_USER_AGENT' => 'Mozilla/5.0 (Windows NT 6.1; WOW64) AppleWebKit/537.36 (KHTML, like Gecko) Chrome/42.0.2311.152 Safari/537.36'
    'HTTP_DNT' => '1'
    'HTTP_REFERER' => 'http://localhost/yii2/learn/web/vote/view/1'
    'HTTP_ACCEPT_ENCODING' => 'gzip, deflate, sdch'
    'HTTP_ACCEPT_LANGUAGE' => 'zh-CN,zh;q=0.8'
    'HTTP_COOKIE' => '_csrf=c89584e12354613efb7c2facd63914ee9e34ccb9349cc2be1aa2c2e042ce7fc9a%3A2%3A%7Bi%3A0%3Bs%3A5%3A%22_csrf%22%3Bi%3A1%3Bs%3A32%3A%22r8rRguIzDkIQc_dHBHc8H7rOKUBIqfVU%22%3B%7D'
    'PATH' => 'C:\\Program Files (x86)\\Common Files\\NetSarang;C:\\Windows\\system32;C:\\Windows;C:\\Windows\\System32\\Wbem;C:\\Windows\\System32\\WindowsPowerShell\\v1.0\\;D:\\Program Files\\TortoiseSVN\\bin;D:\\wamp\\bin\\php\\php5.5.12;E:\\bin;D:\\Program Files\\nodejs\\;'
    'SystemRoot' => 'C:\\Windows'
    'COMSPEC' => 'C:\\Windows\\system32\\cmd.exe'
    'PATHEXT' => '.COM;.EXE;.BAT;.CMD;.VBS;.VBE;.JS;.JSE;.WSF;.WSH;.MSC'
    'WINDIR' => 'C:\\Windows'
    'SERVER_SIGNATURE' => '<address>Apache/2.4.9 (Win32) PHP/5.5.12 Server at localhost Port 80</address>
'
    'SERVER_SOFTWARE' => 'Apache/2.4.9 (Win32) PHP/5.5.12'
    'SERVER_NAME' => 'localhost'
    'SERVER_ADDR' => '127.0.0.1'
    'SERVER_PORT' => '80'
    'REMOTE_ADDR' => '127.0.0.1'
    'DOCUMENT_ROOT' => 'D:/wamp/www'
    'REQUEST_SCHEME' => 'http'
    'CONTEXT_PREFIX' => ''
    'CONTEXT_DOCUMENT_ROOT' => 'D:/wamp/www'
    'SERVER_ADMIN' => 'admin@example.com'
    'SCRIPT_FILENAME' => 'D:/wamp/www/yii2/learn/web/index.php'
    'REMOTE_PORT' => '64543'
    'REDIRECT_URL' => '/yii2/learn/web/vote/update/1'
    'GATEWAY_INTERFACE' => 'CGI/1.1'
    'SERVER_PROTOCOL' => 'HTTP/1.1'
    'REQUEST_METHOD' => 'GET'
    'QUERY_STRING' => ''
    'REQUEST_URI' => '/yii2/learn/web/vote/update/1'
    'SCRIPT_NAME' => '/yii2/learn/web/index.php'
    'PHP_SELF' => '/yii2/learn/web/index.php'
    'REQUEST_TIME_FLOAT' => 1431596360.591
    'REQUEST_TIME' => 1431596360
]
